[INFO: train.py:  130]: Namespace(batch_size=64, config='configs/res3d_L50.txt', epoch=50, learning_rate=None, model_name='res3d', pretrain=None, save_dir='checkpoints_models', use_gpu=True)
[INFO: config.py:   68]: ---------------- Train Arguments ----------------
[INFO: config.py:   70]: MODEL:
[INFO: config.py:   72]:     name:Res3D
[INFO: config.py:   72]:     format:pkl
[INFO: config.py:   72]:     num_classes:101
[INFO: config.py:   72]:     seg_num:1
[INFO: config.py:   72]:     seglen:8
[INFO: config.py:   72]:     image_mean:[0.485, 0.456, 0.406]
[INFO: config.py:   72]:     image_std:[0.229, 0.224, 0.225]
[INFO: config.py:   72]:     num_layers:50
[INFO: config.py:   70]: TRAIN:
[INFO: config.py:   72]:     epoch:50
[INFO: config.py:   72]:     short_size:116
[INFO: config.py:   72]:     target_size:116
[INFO: config.py:   72]:     num_reader_threads:1
[INFO: config.py:   72]:     buf_size:1024
[INFO: config.py:   72]:     batch_size:64
[INFO: config.py:   72]:     use_gpu:True
[INFO: config.py:   72]:     num_gpus:1
[INFO: config.py:   72]:     filelist:work/data/ucf_101/video/UCF-101_JPG/train.list
[INFO: config.py:   72]:     learning_rate:0.01
[INFO: config.py:   72]:     learning_rate_decay:0.1
[INFO: config.py:   72]:     l2_weight_decay:0.0001
[INFO: config.py:   72]:     momentum:0.9
[INFO: config.py:   72]:     total_videos:80
[INFO: config.py:   70]: VALID:
[INFO: config.py:   72]:     short_size:116
[INFO: config.py:   72]:     target_size:116
[INFO: config.py:   72]:     num_reader_threads:1
[INFO: config.py:   72]:     buf_size:1024
[INFO: config.py:   72]:     batch_size:1
[INFO: config.py:   72]:     filelist:work/data/ucf_101/video/UCF-101_JPG/val.list
[INFO: config.py:   70]: TEST:
[INFO: config.py:   72]:     seg_num:1
[INFO: config.py:   72]:     short_size:116
[INFO: config.py:   72]:     target_size:116
[INFO: config.py:   72]:     num_reader_threads:1
[INFO: config.py:   72]:     buf_size:1024
[INFO: config.py:   72]:     batch_size:1
[INFO: config.py:   72]:     filelist:work/data/ucf_101/video/UCF-101_JPG/test.list
[INFO: config.py:   70]: INFER:
[INFO: config.py:   72]:     short_size:116
[INFO: config.py:   72]:     target_size:116
[INFO: config.py:   72]:     num_reader_threads:1
[INFO: config.py:   72]:     buf_size:1024
[INFO: config.py:   72]:     batch_size:1
[INFO: config.py:   72]:     filelist:work/data/ucf_101/video/UCF-101_JPG/test.list
[INFO: config.py:   73]: -------------------------------------------------
[INFO: train.py:  119]: Loss at epoch 0 step 0: [4.9987264], acc: [0.]
[INFO: train.py:  119]: Loss at epoch 0 step 12: [4.7576714], acc: [0.015625]
[INFO: train.py:  119]: Loss at epoch 0 step 24: [4.6858444], acc: [0.]
[INFO: train.py:  130]: Namespace(batch_size=64, config='configs/res3d_L50.txt', epoch=50, learning_rate=None, model_name='res3d', pretrain=None, save_dir='checkpoints_models', use_gpu=True)
[INFO: config.py:   68]: ---------------- Train Arguments ----------------
[INFO: config.py:   70]: MODEL:
[INFO: config.py:   72]:     name:Res3D
[INFO: config.py:   72]:     format:pkl
[INFO: config.py:   72]:     num_classes:101
[INFO: config.py:   72]:     seg_num:1
[INFO: config.py:   72]:     seglen:8
[INFO: config.py:   72]:     image_mean:[0.485, 0.456, 0.406]
[INFO: config.py:   72]:     image_std:[0.229, 0.224, 0.225]
[INFO: config.py:   72]:     num_layers:50
[INFO: config.py:   70]: TRAIN:
[INFO: config.py:   72]:     epoch:50
[INFO: config.py:   72]:     short_size:116
[INFO: config.py:   72]:     target_size:116
[INFO: config.py:   72]:     num_reader_threads:1
[INFO: config.py:   72]:     buf_size:1024
[INFO: config.py:   72]:     batch_size:64
[INFO: config.py:   72]:     use_gpu:True
[INFO: config.py:   72]:     num_gpus:1
[INFO: config.py:   72]:     filelist:work/data/ucf_101/video/UCF-101_JPG/train.list
[INFO: config.py:   72]:     learning_rate:0.01
[INFO: config.py:   72]:     learning_rate_decay:0.1
[INFO: config.py:   72]:     l2_weight_decay:0.0001
[INFO: config.py:   72]:     momentum:0.9
[INFO: config.py:   72]:     total_videos:80
[INFO: config.py:   70]: VALID:
[INFO: config.py:   72]:     short_size:116
[INFO: config.py:   72]:     target_size:116
[INFO: config.py:   72]:     num_reader_threads:1
[INFO: config.py:   72]:     buf_size:1024
[INFO: config.py:   72]:     batch_size:1
[INFO: config.py:   72]:     filelist:work/data/ucf_101/video/UCF-101_JPG/val.list
[INFO: config.py:   70]: TEST:
[INFO: config.py:   72]:     seg_num:1
[INFO: config.py:   72]:     short_size:116
[INFO: config.py:   72]:     target_size:116
[INFO: config.py:   72]:     num_reader_threads:1
[INFO: config.py:   72]:     buf_size:1024
[INFO: config.py:   72]:     batch_size:1
[INFO: config.py:   72]:     filelist:work/data/ucf_101/video/UCF-101_JPG/test.list
[INFO: config.py:   70]: INFER:
[INFO: config.py:   72]:     short_size:116
[INFO: config.py:   72]:     target_size:116
[INFO: config.py:   72]:     num_reader_threads:1
[INFO: config.py:   72]:     buf_size:1024
[INFO: config.py:   72]:     batch_size:1
[INFO: config.py:   72]:     filelist:work/data/ucf_101/video/UCF-101_JPG/test.list
[INFO: config.py:   73]: -------------------------------------------------
[INFO: train.py:  119]: Loss at epoch 0 step 0: [5.1493797], acc: [0.]
[INFO: train.py:  119]: Loss at epoch 0 step 12: [4.7883472], acc: [0.]
[INFO: train.py:  119]: Loss at epoch 0 step 24: [4.628787], acc: [0.03125]
[INFO: train.py:  119]: Loss at epoch 0 step 36: [4.683543], acc: [0.015625]
[INFO: train.py:  130]: Namespace(batch_size=64, config='configs/res3d_L50.txt', epoch=50, learning_rate=None, model_name='res3d', pretrain='True', save_dir='checkpoints_models', use_gpu=True)
[INFO: config.py:   68]: ---------------- Train Arguments ----------------
[INFO: config.py:   70]: MODEL:
[INFO: config.py:   72]:     name:Res3D
[INFO: config.py:   72]:     format:pkl
[INFO: config.py:   72]:     num_classes:101
[INFO: config.py:   72]:     seg_num:1
[INFO: config.py:   72]:     seglen:8
[INFO: config.py:   72]:     image_mean:[0.485, 0.456, 0.406]
[INFO: config.py:   72]:     image_std:[0.229, 0.224, 0.225]
[INFO: config.py:   72]:     num_layers:50
[INFO: config.py:   70]: TRAIN:
[INFO: config.py:   72]:     epoch:50
[INFO: config.py:   72]:     short_size:116
[INFO: config.py:   72]:     target_size:116
[INFO: config.py:   72]:     num_reader_threads:1
[INFO: config.py:   72]:     buf_size:1024
[INFO: config.py:   72]:     batch_size:64
[INFO: config.py:   72]:     use_gpu:True
[INFO: config.py:   72]:     num_gpus:1
[INFO: config.py:   72]:     filelist:work/data/ucf_101/video/UCF-101_JPG/train.list
[INFO: config.py:   72]:     learning_rate:0.01
[INFO: config.py:   72]:     learning_rate_decay:0.1
[INFO: config.py:   72]:     l2_weight_decay:0.0001
[INFO: config.py:   72]:     momentum:0.9
[INFO: config.py:   72]:     total_videos:80
[INFO: config.py:   70]: VALID:
[INFO: config.py:   72]:     short_size:116
[INFO: config.py:   72]:     target_size:116
[INFO: config.py:   72]:     num_reader_threads:1
[INFO: config.py:   72]:     buf_size:1024
[INFO: config.py:   72]:     batch_size:1
[INFO: config.py:   72]:     filelist:work/data/ucf_101/video/UCF-101_JPG/val.list
[INFO: config.py:   70]: TEST:
[INFO: config.py:   72]:     seg_num:1
[INFO: config.py:   72]:     short_size:116
[INFO: config.py:   72]:     target_size:116
[INFO: config.py:   72]:     num_reader_threads:1
[INFO: config.py:   72]:     buf_size:1024
[INFO: config.py:   72]:     batch_size:1
[INFO: config.py:   72]:     filelist:work/data/ucf_101/video/UCF-101_JPG/test.list
[INFO: config.py:   70]: INFER:
[INFO: config.py:   72]:     short_size:116
[INFO: config.py:   72]:     target_size:116
[INFO: config.py:   72]:     num_reader_threads:1
[INFO: config.py:   72]:     buf_size:1024
[INFO: config.py:   72]:     batch_size:1
[INFO: config.py:   72]:     filelist:work/data/ucf_101/video/UCF-101_JPG/test.list
[INFO: config.py:   73]: -------------------------------------------------
[INFO: train.py:  119]: Loss at epoch 0 step 0: [14.85315], acc: [0.]
[INFO: train.py:  119]: Loss at epoch 0 step 12: [6.6796126], acc: [0.0625]
[INFO: train.py:  119]: Loss at epoch 0 step 24: [5.414842], acc: [0.078125]
[INFO: train.py:  119]: Loss at epoch 0 step 36: [4.329979], acc: [0.109375]
[INFO: train.py:  119]: Loss at epoch 0 step 48: [4.1428776], acc: [0.15625]
[INFO: train.py:  119]: Loss at epoch 0 step 60: [3.3291516], acc: [0.296875]
[INFO: train.py:  119]: Loss at epoch 0 step 72: [3.5765717], acc: [0.1875]
[INFO: train.py:  119]: Loss at epoch 0 step 84: [3.2602062], acc: [0.28125]
[INFO: train.py:  119]: Loss at epoch 0 step 96: [2.7732463], acc: [0.375]
[INFO: train.py:  119]: Loss at epoch 0 step 108: [2.5205185], acc: [0.390625]
[INFO: train.py:  119]: Loss at epoch 0 step 120: [2.3515425], acc: [0.375]
[INFO: train.py:  119]: Loss at epoch 0 step 132: [2.3940594], acc: [0.390625]
[INFO: train.py:  119]: Loss at epoch 0 step 144: [2.6096253], acc: [0.328125]
[INFO: train.py:  119]: Loss at epoch 1 step 0: [2.2513657], acc: [0.484375]
[INFO: train.py:  119]: Loss at epoch 1 step 12: [1.9614946], acc: [0.515625]
[INFO: train.py:  119]: Loss at epoch 1 step 24: [1.814927], acc: [0.609375]
[INFO: train.py:  119]: Loss at epoch 1 step 36: [1.6050638], acc: [0.59375]
[INFO: train.py:  119]: Loss at epoch 1 step 48: [1.8906935], acc: [0.546875]
[INFO: train.py:  119]: Loss at epoch 1 step 60: [1.5568355], acc: [0.609375]
[INFO: train.py:  119]: Loss at epoch 1 step 72: [1.654619], acc: [0.578125]
[INFO: train.py:  119]: Loss at epoch 1 step 84: [2.1530056], acc: [0.5]
[INFO: train.py:  119]: Loss at epoch 1 step 96: [1.3266186], acc: [0.640625]
[INFO: train.py:  119]: Loss at epoch 1 step 108: [1.5023375], acc: [0.59375]
[INFO: train.py:  119]: Loss at epoch 1 step 120: [1.3825148], acc: [0.65625]
[INFO: train.py:  119]: Loss at epoch 1 step 132: [0.9803108], acc: [0.734375]
[INFO: train.py:  119]: Loss at epoch 1 step 144: [1.4183452], acc: [0.609375]
[INFO: train.py:  119]: Loss at epoch 2 step 0: [1.363558], acc: [0.609375]
[INFO: train.py:  119]: Loss at epoch 2 step 12: [1.3321362], acc: [0.65625]
[INFO: train.py:  119]: Loss at epoch 2 step 24: [1.1997626], acc: [0.640625]
[INFO: train.py:  119]: Loss at epoch 2 step 36: [1.3337362], acc: [0.5625]
[INFO: train.py:  119]: Loss at epoch 2 step 48: [1.2206215], acc: [0.703125]
[INFO: train.py:  119]: Loss at epoch 2 step 60: [1.0951669], acc: [0.75]
[INFO: train.py:  119]: Loss at epoch 2 step 72: [1.0150272], acc: [0.75]
[INFO: train.py:  119]: Loss at epoch 2 step 84: [0.59039515], acc: [0.875]
[INFO: train.py:  119]: Loss at epoch 2 step 96: [0.98881704], acc: [0.765625]
[INFO: train.py:  119]: Loss at epoch 2 step 108: [0.8799726], acc: [0.8125]
[INFO: train.py:  119]: Loss at epoch 2 step 120: [1.0080926], acc: [0.765625]
[INFO: train.py:  119]: Loss at epoch 2 step 132: [0.80505145], acc: [0.875]
[INFO: train.py:  119]: Loss at epoch 2 step 144: [0.69941515], acc: [0.796875]
[INFO: train.py:  119]: Loss at epoch 3 step 0: [0.8660723], acc: [0.828125]
[INFO: train.py:  119]: Loss at epoch 3 step 12: [0.52552694], acc: [0.875]
[INFO: train.py:  119]: Loss at epoch 3 step 24: [0.7111227], acc: [0.765625]
[INFO: train.py:  119]: Loss at epoch 3 step 36: [0.76069826], acc: [0.796875]
[INFO: train.py:  119]: Loss at epoch 3 step 48: [0.64326614], acc: [0.828125]
[INFO: train.py:  119]: Loss at epoch 3 step 60: [0.69727623], acc: [0.84375]
[INFO: train.py:  119]: Loss at epoch 3 step 72: [0.9416874], acc: [0.75]
[INFO: train.py:  119]: Loss at epoch 3 step 84: [0.80490947], acc: [0.84375]
[INFO: train.py:  119]: Loss at epoch 3 step 96: [0.79475594], acc: [0.8125]
[INFO: train.py:  119]: Loss at epoch 3 step 108: [0.6326566], acc: [0.8125]
[INFO: train.py:  119]: Loss at epoch 3 step 120: [0.6236204], acc: [0.796875]
[INFO: train.py:  119]: Loss at epoch 3 step 132: [0.68786544], acc: [0.796875]
[INFO: train.py:  119]: Loss at epoch 3 step 144: [0.6987828], acc: [0.84375]
[INFO: train.py:  119]: Loss at epoch 4 step 0: [0.6295227], acc: [0.8125]
[INFO: train.py:  119]: Loss at epoch 4 step 12: [0.6604608], acc: [0.765625]
[INFO: train.py:  119]: Loss at epoch 4 step 24: [0.43752924], acc: [0.90625]
[INFO: train.py:  119]: Loss at epoch 4 step 36: [0.29913998], acc: [0.921875]
[INFO: train.py:  119]: Loss at epoch 4 step 48: [0.39409184], acc: [0.90625]
[INFO: train.py:  119]: Loss at epoch 4 step 60: [0.67640555], acc: [0.875]
[INFO: train.py:  119]: Loss at epoch 4 step 72: [0.4235146], acc: [0.875]
[INFO: train.py:  119]: Loss at epoch 4 step 84: [0.5107883], acc: [0.875]
[INFO: train.py:  119]: Loss at epoch 4 step 96: [0.5095406], acc: [0.8125]
[INFO: train.py:  119]: Loss at epoch 4 step 108: [0.5783402], acc: [0.8125]
[INFO: train.py:  119]: Loss at epoch 4 step 120: [0.4810606], acc: [0.90625]
[INFO: train.py:  119]: Loss at epoch 4 step 132: [0.70278645], acc: [0.84375]
[INFO: train.py:  119]: Loss at epoch 4 step 144: [0.5491826], acc: [0.84375]
[INFO: train.py:  119]: Loss at epoch 5 step 0: [0.44033235], acc: [0.90625]
[INFO: train.py:  119]: Loss at epoch 5 step 12: [0.37375376], acc: [0.90625]
[INFO: train.py:  119]: Loss at epoch 5 step 24: [0.402488], acc: [0.921875]
[INFO: train.py:  119]: Loss at epoch 5 step 36: [0.41290492], acc: [0.921875]
[INFO: train.py:  119]: Loss at epoch 5 step 48: [0.33651885], acc: [0.9375]
[INFO: train.py:  119]: Loss at epoch 5 step 60: [0.40448695], acc: [0.921875]
[INFO: train.py:  119]: Loss at epoch 5 step 72: [0.3146685], acc: [0.90625]
[INFO: train.py:  119]: Loss at epoch 5 step 84: [0.48406652], acc: [0.859375]
[INFO: train.py:  119]: Loss at epoch 5 step 96: [0.36037546], acc: [0.921875]
[INFO: train.py:  119]: Loss at epoch 5 step 108: [0.4160246], acc: [0.890625]
[INFO: train.py:  119]: Loss at epoch 5 step 120: [0.29046], acc: [0.9375]
[INFO: train.py:  119]: Loss at epoch 5 step 132: [0.3818245], acc: [0.890625]
[INFO: train.py:  119]: Loss at epoch 5 step 144: [0.41643608], acc: [0.90625]
[INFO: train.py:  119]: Loss at epoch 6 step 0: [0.47544712], acc: [0.875]
[INFO: train.py:  119]: Loss at epoch 6 step 12: [0.4636262], acc: [0.84375]
[INFO: train.py:  119]: Loss at epoch 6 step 24: [0.3017388], acc: [0.921875]
[INFO: train.py:  119]: Loss at epoch 6 step 36: [0.27119005], acc: [0.921875]
[INFO: train.py:  119]: Loss at epoch 6 step 48: [0.38429826], acc: [0.890625]
[INFO: train.py:  119]: Loss at epoch 6 step 60: [0.39860123], acc: [0.890625]
[INFO: train.py:  119]: Loss at epoch 6 step 72: [0.26195326], acc: [0.890625]
[INFO: train.py:  119]: Loss at epoch 6 step 84: [0.24620596], acc: [0.9375]
[INFO: train.py:  119]: Loss at epoch 6 step 96: [0.367297], acc: [0.890625]
[INFO: train.py:  119]: Loss at epoch 6 step 108: [0.28543663], acc: [0.9375]
[INFO: train.py:  119]: Loss at epoch 6 step 120: [0.37498397], acc: [0.90625]
[INFO: train.py:  119]: Loss at epoch 6 step 132: [0.24652094], acc: [0.921875]
[INFO: train.py:  119]: Loss at epoch 6 step 144: [0.31677723], acc: [0.9375]
[INFO: train.py:  119]: Loss at epoch 7 step 0: [0.1496607], acc: [0.984375]
[INFO: train.py:  119]: Loss at epoch 7 step 12: [0.30106866], acc: [0.9375]
[INFO: train.py:  119]: Loss at epoch 7 step 24: [0.2952159], acc: [0.921875]
[INFO: train.py:  119]: Loss at epoch 7 step 36: [0.16807702], acc: [0.984375]
[INFO: train.py:  119]: Loss at epoch 7 step 48: [0.27179495], acc: [0.921875]
[INFO: train.py:  119]: Loss at epoch 7 step 60: [0.11121802], acc: [1.]
[INFO: train.py:  119]: Loss at epoch 7 step 72: [0.1859386], acc: [0.96875]
[INFO: train.py:  119]: Loss at epoch 7 step 84: [0.16966134], acc: [0.96875]
[INFO: train.py:  119]: Loss at epoch 7 step 96: [0.15023518], acc: [0.96875]
[INFO: train.py:  119]: Loss at epoch 7 step 108: [0.22545943], acc: [0.953125]
[INFO: train.py:  119]: Loss at epoch 7 step 120: [0.21359515], acc: [0.953125]
[INFO: train.py:  119]: Loss at epoch 7 step 132: [0.22624011], acc: [0.9375]
[INFO: train.py:  119]: Loss at epoch 7 step 144: [0.28296125], acc: [0.9375]
[INFO: train.py:  119]: Loss at epoch 8 step 0: [0.2438523], acc: [0.953125]
[INFO: train.py:  119]: Loss at epoch 8 step 12: [0.20319524], acc: [0.96875]
[INFO: train.py:  119]: Loss at epoch 8 step 24: [0.08904399], acc: [1.]
[INFO: train.py:  119]: Loss at epoch 8 step 36: [0.24717543], acc: [0.9375]
[INFO: train.py:  119]: Loss at epoch 8 step 48: [0.1869955], acc: [0.9375]
[INFO: train.py:  119]: Loss at epoch 8 step 60: [0.27859107], acc: [0.921875]
[INFO: train.py:  119]: Loss at epoch 8 step 72: [0.15005513], acc: [0.984375]
[INFO: train.py:  119]: Loss at epoch 8 step 84: [0.3568893], acc: [0.90625]
[INFO: train.py:  119]: Loss at epoch 8 step 96: [0.24407665], acc: [0.9375]
[INFO: train.py:  119]: Loss at epoch 8 step 108: [0.1589992], acc: [0.96875]
[INFO: train.py:  119]: Loss at epoch 8 step 120: [0.3000587], acc: [0.921875]
[INFO: train.py:  119]: Loss at epoch 8 step 132: [0.15202102], acc: [0.984375]
[INFO: train.py:  119]: Loss at epoch 8 step 144: [0.17012021], acc: [0.96875]
[INFO: train.py:  119]: Loss at epoch 9 step 0: [0.16879855], acc: [0.953125]
[INFO: train.py:  119]: Loss at epoch 9 step 12: [0.19536692], acc: [0.953125]
[INFO: train.py:  119]: Loss at epoch 9 step 24: [0.10351394], acc: [1.]
[INFO: train.py:  119]: Loss at epoch 9 step 36: [0.11839722], acc: [0.96875]
[INFO: train.py:  119]: Loss at epoch 9 step 48: [0.22573878], acc: [0.96875]
[INFO: train.py:  119]: Loss at epoch 9 step 60: [0.11900575], acc: [0.984375]
[INFO: train.py:  119]: Loss at epoch 9 step 72: [0.18017237], acc: [0.953125]
[INFO: train.py:  119]: Loss at epoch 9 step 84: [0.10396101], acc: [0.984375]
[INFO: train.py:  119]: Loss at epoch 9 step 96: [0.17987195], acc: [0.953125]
[INFO: train.py:  119]: Loss at epoch 9 step 108: [0.16871275], acc: [0.9375]
[INFO: train.py:  119]: Loss at epoch 9 step 120: [0.16428079], acc: [0.96875]
[INFO: train.py:  119]: Loss at epoch 9 step 132: [0.21758851], acc: [0.953125]
[INFO: train.py:  119]: Loss at epoch 9 step 144: [0.15577325], acc: [0.96875]
[INFO: train.py:  119]: Loss at epoch 10 step 0: [0.2524661], acc: [0.9375]
[INFO: train.py:  119]: Loss at epoch 10 step 12: [0.29477394], acc: [0.90625]
[INFO: train.py:  119]: Loss at epoch 10 step 24: [0.16717619], acc: [0.984375]
[INFO: train.py:  119]: Loss at epoch 10 step 36: [0.10647671], acc: [0.984375]
[INFO: train.py:  119]: Loss at epoch 10 step 48: [0.17209145], acc: [0.96875]
[INFO: train.py:  119]: Loss at epoch 10 step 60: [0.19037256], acc: [0.921875]
[INFO: train.py:  119]: Loss at epoch 10 step 72: [0.13078612], acc: [0.984375]
[INFO: train.py:  119]: Loss at epoch 10 step 84: [0.21022335], acc: [0.96875]
[INFO: train.py:  119]: Loss at epoch 10 step 96: [0.22082496], acc: [0.9375]
[INFO: train.py:  119]: Loss at epoch 10 step 108: [0.2115297], acc: [0.96875]
[INFO: train.py:  119]: Loss at epoch 10 step 120: [0.18263528], acc: [0.9375]
[INFO: train.py:  119]: Loss at epoch 10 step 132: [0.208135], acc: [0.953125]
[INFO: train.py:  119]: Loss at epoch 10 step 144: [0.09450705], acc: [0.984375]
[INFO: train.py:  119]: Loss at epoch 11 step 0: [0.0934329], acc: [0.984375]
[INFO: train.py:  119]: Loss at epoch 11 step 12: [0.10507298], acc: [0.984375]
[INFO: train.py:  119]: Loss at epoch 11 step 24: [0.09788331], acc: [0.96875]
[INFO: train.py:  119]: Loss at epoch 11 step 36: [0.09634262], acc: [0.96875]
[INFO: train.py:  119]: Loss at epoch 11 step 48: [0.1056648], acc: [0.96875]
[INFO: train.py:  119]: Loss at epoch 11 step 60: [0.12958457], acc: [0.953125]
[INFO: train.py:  119]: Loss at epoch 11 step 72: [0.09875301], acc: [0.984375]
[INFO: train.py:  119]: Loss at epoch 11 step 84: [0.12760097], acc: [1.]
[INFO: train.py:  119]: Loss at epoch 11 step 96: [0.1525197], acc: [0.96875]
[INFO: train.py:  119]: Loss at epoch 11 step 108: [0.29978272], acc: [0.921875]
[INFO: train.py:  119]: Loss at epoch 11 step 120: [0.17637053], acc: [0.96875]
[INFO: train.py:  119]: Loss at epoch 11 step 132: [0.05010311], acc: [1.]
[INFO: train.py:  119]: Loss at epoch 11 step 144: [0.16990344], acc: [0.96875]
[INFO: train.py:  119]: Loss at epoch 12 step 0: [0.09047768], acc: [0.984375]
[INFO: train.py:  119]: Loss at epoch 12 step 12: [0.11322624], acc: [0.984375]
[INFO: train.py:  119]: Loss at epoch 12 step 24: [0.13600557], acc: [0.984375]
[INFO: train.py:  119]: Loss at epoch 12 step 36: [0.16450971], acc: [0.9375]
[INFO: train.py:  119]: Loss at epoch 12 step 48: [0.04274707], acc: [1.]
[INFO: train.py:  119]: Loss at epoch 12 step 60: [0.12501934], acc: [0.953125]
[INFO: train.py:  119]: Loss at epoch 12 step 72: [0.2243658], acc: [0.921875]
[INFO: train.py:  119]: Loss at epoch 12 step 84: [0.12063926], acc: [0.953125]
[INFO: train.py:  119]: Loss at epoch 12 step 96: [0.12818214], acc: [0.96875]
[INFO: train.py:  119]: Loss at epoch 12 step 108: [0.17364393], acc: [0.9375]
[INFO: train.py:  119]: Loss at epoch 12 step 120: [0.2114651], acc: [0.9375]
[INFO: train.py:  119]: Loss at epoch 12 step 132: [0.1331478], acc: [0.96875]
[INFO: train.py:  119]: Loss at epoch 12 step 144: [0.12901652], acc: [0.984375]
[INFO: train.py:  119]: Loss at epoch 13 step 0: [0.12000009], acc: [0.96875]
[INFO: train.py:  119]: Loss at epoch 13 step 12: [0.13576351], acc: [0.96875]
[INFO: train.py:  119]: Loss at epoch 13 step 24: [0.07339023], acc: [1.]
[INFO: train.py:  119]: Loss at epoch 13 step 36: [0.15410402], acc: [0.953125]
[INFO: train.py:  119]: Loss at epoch 13 step 48: [0.0427796], acc: [1.]
[INFO: train.py:  119]: Loss at epoch 13 step 60: [0.28730157], acc: [0.9375]
[INFO: train.py:  119]: Loss at epoch 13 step 72: [0.05982348], acc: [1.]
[INFO: train.py:  119]: Loss at epoch 13 step 84: [0.14123602], acc: [0.984375]
[INFO: train.py:  119]: Loss at epoch 13 step 96: [0.09428114], acc: [0.984375]
[INFO: train.py:  119]: Loss at epoch 13 step 108: [0.13396299], acc: [0.953125]
[INFO: train.py:  119]: Loss at epoch 13 step 120: [0.21153726], acc: [0.9375]
[INFO: train.py:  119]: Loss at epoch 13 step 132: [0.08319372], acc: [1.]
[INFO: train.py:  119]: Loss at epoch 13 step 144: [0.10827542], acc: [0.984375]
[INFO: train.py:  119]: Loss at epoch 14 step 0: [0.12854688], acc: [0.96875]
[INFO: train.py:  119]: Loss at epoch 14 step 12: [0.03872731], acc: [1.]
[INFO: train.py:  119]: Loss at epoch 14 step 24: [0.14342298], acc: [0.96875]
[INFO: train.py:  119]: Loss at epoch 14 step 36: [0.11444628], acc: [0.984375]
[INFO: train.py:  119]: Loss at epoch 14 step 48: [0.07736364], acc: [0.96875]
[INFO: train.py:  119]: Loss at epoch 14 step 60: [0.03748611], acc: [1.]
[INFO: train.py:  119]: Loss at epoch 14 step 72: [0.07666603], acc: [1.]
[INFO: train.py:  119]: Loss at epoch 14 step 84: [0.08613737], acc: [0.984375]
[INFO: train.py:  119]: Loss at epoch 14 step 96: [0.09753634], acc: [0.96875]
[INFO: train.py:  119]: Loss at epoch 14 step 108: [0.06769439], acc: [0.984375]
[INFO: train.py:  119]: Loss at epoch 14 step 120: [0.22970295], acc: [0.953125]
[INFO: train.py:  119]: Loss at epoch 14 step 132: [0.08329549], acc: [0.984375]
[INFO: train.py:  119]: Loss at epoch 14 step 144: [0.0625074], acc: [1.]
[INFO: train.py:  119]: Loss at epoch 15 step 0: [0.2300813], acc: [0.953125]
[INFO: train.py:  119]: Loss at epoch 15 step 12: [0.13319677], acc: [0.96875]
[INFO: train.py:  119]: Loss at epoch 15 step 24: [0.1139845], acc: [0.953125]
[INFO: train.py:  119]: Loss at epoch 15 step 36: [0.10999233], acc: [0.953125]
[INFO: train.py:  119]: Loss at epoch 15 step 48: [0.1930984], acc: [0.921875]
[INFO: train.py:  119]: Loss at epoch 15 step 60: [0.14966239], acc: [0.953125]
[INFO: train.py:  119]: Loss at epoch 15 step 72: [0.05806785], acc: [1.]
[INFO: train.py:  119]: Loss at epoch 15 step 84: [0.13039914], acc: [0.984375]
[INFO: train.py:  119]: Loss at epoch 15 step 96: [0.08497517], acc: [0.96875]
[INFO: train.py:  119]: Loss at epoch 15 step 108: [0.05144798], acc: [1.]
[INFO: train.py:  119]: Loss at epoch 15 step 120: [0.11188055], acc: [0.96875]
[INFO: train.py:  119]: Loss at epoch 15 step 132: [0.0436349], acc: [1.]
[INFO: train.py:  119]: Loss at epoch 15 step 144: [0.07105402], acc: [0.984375]
[INFO: train.py:  119]: Loss at epoch 16 step 0: [0.05386063], acc: [1.]
[INFO: train.py:  119]: Loss at epoch 16 step 12: [0.08448453], acc: [0.984375]
[INFO: train.py:  119]: Loss at epoch 16 step 24: [0.05688261], acc: [0.984375]
[INFO: train.py:  119]: Loss at epoch 16 step 36: [0.07019769], acc: [1.]
[INFO: train.py:  119]: Loss at epoch 16 step 48: [0.09562925], acc: [0.984375]
[INFO: train.py:  119]: Loss at epoch 16 step 60: [0.07893139], acc: [0.984375]
[INFO: train.py:  119]: Loss at epoch 16 step 72: [0.12622833], acc: [0.96875]
[INFO: train.py:  119]: Loss at epoch 16 step 84: [0.22259906], acc: [0.96875]
[INFO: train.py:  119]: Loss at epoch 16 step 96: [0.08087094], acc: [1.]
[INFO: train.py:  119]: Loss at epoch 16 step 108: [0.19678888], acc: [0.953125]
[INFO: train.py:  119]: Loss at epoch 16 step 120: [0.09612665], acc: [0.96875]
[INFO: train.py:  119]: Loss at epoch 16 step 132: [0.07336933], acc: [0.984375]
[INFO: train.py:  119]: Loss at epoch 16 step 144: [0.273827], acc: [0.921875]
[INFO: train.py:  119]: Loss at epoch 17 step 0: [0.03031229], acc: [1.]
[INFO: train.py:  119]: Loss at epoch 17 step 12: [0.05119709], acc: [0.984375]
[INFO: train.py:  119]: Loss at epoch 17 step 24: [0.12925656], acc: [0.984375]
[INFO: train.py:  119]: Loss at epoch 17 step 36: [0.03025132], acc: [1.]
[INFO: train.py:  119]: Loss at epoch 17 step 48: [0.08053686], acc: [0.984375]
[INFO: train.py:  119]: Loss at epoch 17 step 60: [0.13075587], acc: [0.953125]
[INFO: train.py:  119]: Loss at epoch 17 step 72: [0.11190623], acc: [0.984375]
[INFO: train.py:  119]: Loss at epoch 17 step 84: [0.11468533], acc: [0.984375]
[INFO: train.py:  119]: Loss at epoch 17 step 96: [0.09129784], acc: [0.984375]
[INFO: train.py:  119]: Loss at epoch 17 step 108: [0.0594643], acc: [1.]
[INFO: train.py:  119]: Loss at epoch 17 step 120: [0.13537651], acc: [0.96875]
[INFO: train.py:  119]: Loss at epoch 17 step 132: [0.04839276], acc: [1.]
[INFO: train.py:  119]: Loss at epoch 17 step 144: [0.05619723], acc: [0.984375]
[INFO: train.py:  119]: Loss at epoch 18 step 0: [0.09760777], acc: [0.984375]
[INFO: train.py:  119]: Loss at epoch 18 step 12: [0.0785483], acc: [0.984375]
[INFO: train.py:  119]: Loss at epoch 18 step 24: [0.10290235], acc: [0.953125]
[INFO: train.py:  119]: Loss at epoch 18 step 36: [0.06441458], acc: [0.984375]
[INFO: train.py:  119]: Loss at epoch 18 step 48: [0.11317109], acc: [0.96875]
[INFO: train.py:  119]: Loss at epoch 18 step 60: [0.13344187], acc: [0.984375]
[INFO: train.py:  119]: Loss at epoch 18 step 72: [0.09341757], acc: [0.984375]
[INFO: train.py:  119]: Loss at epoch 18 step 84: [0.02922366], acc: [1.]
[INFO: train.py:  119]: Loss at epoch 18 step 96: [0.13897681], acc: [0.96875]
[INFO: train.py:  119]: Loss at epoch 18 step 108: [0.13234375], acc: [0.984375]
[INFO: train.py:  119]: Loss at epoch 18 step 120: [0.1212811], acc: [0.9375]
[INFO: train.py:  119]: Loss at epoch 18 step 132: [0.04489965], acc: [1.]
[INFO: train.py:  119]: Loss at epoch 18 step 144: [0.1560329], acc: [0.96875]
[INFO: train.py:  119]: Loss at epoch 19 step 0: [0.14172162], acc: [0.984375]
[INFO: train.py:  119]: Loss at epoch 19 step 12: [0.02631309], acc: [1.]
[INFO: train.py:  119]: Loss at epoch 19 step 24: [0.0556977], acc: [0.984375]
[INFO: train.py:  119]: Loss at epoch 19 step 36: [0.05195104], acc: [1.]
[INFO: train.py:  119]: Loss at epoch 19 step 48: [0.02699609], acc: [1.]
[INFO: train.py:  119]: Loss at epoch 19 step 60: [0.14031532], acc: [0.96875]
[INFO: train.py:  119]: Loss at epoch 19 step 72: [0.04408358], acc: [1.]
[INFO: train.py:  119]: Loss at epoch 19 step 84: [0.09961557], acc: [0.953125]
[INFO: train.py:  119]: Loss at epoch 19 step 96: [0.03455441], acc: [0.984375]
[INFO: train.py:  119]: Loss at epoch 19 step 108: [0.09078674], acc: [0.984375]
[INFO: train.py:  119]: Loss at epoch 19 step 120: [0.1229469], acc: [0.96875]
[INFO: train.py:  119]: Loss at epoch 19 step 132: [0.11646602], acc: [0.984375]
[INFO: train.py:  119]: Loss at epoch 19 step 144: [0.04109331], acc: [1.]
[INFO: train.py:  119]: Loss at epoch 20 step 0: [0.04554827], acc: [0.984375]
[INFO: train.py:  119]: Loss at epoch 20 step 12: [0.03125779], acc: [1.]
[INFO: train.py:  119]: Loss at epoch 20 step 24: [0.13076854], acc: [0.984375]
[INFO: train.py:  119]: Loss at epoch 20 step 36: [0.08232777], acc: [0.984375]
[INFO: train.py:  119]: Loss at epoch 20 step 48: [0.04520696], acc: [1.]
[INFO: train.py:  119]: Loss at epoch 20 step 60: [0.02101058], acc: [1.]
[INFO: train.py:  119]: Loss at epoch 20 step 72: [0.07459157], acc: [0.984375]
[INFO: train.py:  119]: Loss at epoch 20 step 84: [0.06713352], acc: [0.96875]
[INFO: train.py:  119]: Loss at epoch 20 step 96: [0.0294167], acc: [1.]
[INFO: train.py:  119]: Loss at epoch 20 step 108: [0.05508721], acc: [0.984375]
[INFO: train.py:  119]: Loss at epoch 20 step 120: [0.11334416], acc: [0.96875]
[INFO: train.py:  119]: Loss at epoch 20 step 132: [0.0358643], acc: [1.]
[INFO: train.py:  119]: Loss at epoch 20 step 144: [0.07875131], acc: [0.984375]
[INFO: train.py:  119]: Loss at epoch 21 step 0: [0.13761021], acc: [0.984375]
[INFO: train.py:  119]: Loss at epoch 21 step 12: [0.05790991], acc: [0.984375]
[INFO: train.py:  119]: Loss at epoch 21 step 24: [0.058786], acc: [0.984375]
[INFO: train.py:  119]: Loss at epoch 21 step 36: [0.07185003], acc: [0.984375]
[INFO: train.py:  119]: Loss at epoch 21 step 48: [0.0523248], acc: [0.984375]
[INFO: train.py:  119]: Loss at epoch 21 step 60: [0.07980347], acc: [0.984375]
[INFO: train.py:  119]: Loss at epoch 21 step 72: [0.10166893], acc: [0.96875]
[INFO: train.py:  119]: Loss at epoch 21 step 84: [0.03680546], acc: [0.984375]
[INFO: train.py:  119]: Loss at epoch 21 step 96: [0.05135682], acc: [1.]
[INFO: train.py:  119]: Loss at epoch 21 step 108: [0.06743972], acc: [0.984375]
[INFO: train.py:  119]: Loss at epoch 21 step 120: [0.02514549], acc: [1.]
[INFO: train.py:  119]: Loss at epoch 21 step 132: [0.02343409], acc: [1.]
[INFO: train.py:  119]: Loss at epoch 21 step 144: [0.06429012], acc: [0.984375]
[INFO: train.py:  119]: Loss at epoch 22 step 0: [0.07111311], acc: [0.984375]
[INFO: train.py:  119]: Loss at epoch 22 step 12: [0.03257249], acc: [1.]
[INFO: train.py:  119]: Loss at epoch 22 step 24: [0.13606302], acc: [0.96875]
[INFO: train.py:  119]: Loss at epoch 22 step 36: [0.02992693], acc: [1.]
[INFO: train.py:  119]: Loss at epoch 22 step 48: [0.05402429], acc: [0.984375]
[INFO: train.py:  119]: Loss at epoch 22 step 60: [0.16036783], acc: [0.96875]
[INFO: train.py:  119]: Loss at epoch 22 step 72: [0.10111773], acc: [0.96875]
[INFO: train.py:  119]: Loss at epoch 22 step 84: [0.04418909], acc: [1.]
[INFO: train.py:  119]: Loss at epoch 22 step 96: [0.08994643], acc: [0.984375]
[INFO: train.py:  119]: Loss at epoch 22 step 108: [0.03462774], acc: [1.]
[INFO: train.py:  119]: Loss at epoch 22 step 120: [0.07127047], acc: [0.984375]
[INFO: train.py:  119]: Loss at epoch 22 step 132: [0.06169221], acc: [0.984375]
[INFO: train.py:  119]: Loss at epoch 22 step 144: [0.03054155], acc: [1.]
[INFO: train.py:  119]: Loss at epoch 23 step 0: [0.02151599], acc: [1.]
[INFO: train.py:  119]: Loss at epoch 23 step 12: [0.13141753], acc: [0.96875]
[INFO: train.py:  119]: Loss at epoch 23 step 24: [0.02565545], acc: [1.]
[INFO: train.py:  119]: Loss at epoch 23 step 36: [0.0405319], acc: [1.]
[INFO: train.py:  119]: Loss at epoch 23 step 48: [0.03404613], acc: [1.]
[INFO: train.py:  119]: Loss at epoch 23 step 60: [0.02181065], acc: [1.]
[INFO: train.py:  119]: Loss at epoch 23 step 72: [0.07211412], acc: [0.96875]
[INFO: train.py:  119]: Loss at epoch 23 step 84: [0.05584048], acc: [1.]
[INFO: train.py:  119]: Loss at epoch 23 step 96: [0.09588777], acc: [0.984375]
[INFO: train.py:  119]: Loss at epoch 23 step 108: [0.03304356], acc: [1.]
[INFO: train.py:  119]: Loss at epoch 23 step 120: [0.07091898], acc: [0.984375]
[INFO: train.py:  119]: Loss at epoch 23 step 132: [0.00978923], acc: [1.]
[INFO: train.py:  119]: Loss at epoch 23 step 144: [0.03111069], acc: [1.]
[INFO: train.py:  119]: Loss at epoch 24 step 0: [0.07336287], acc: [0.984375]
[INFO: train.py:  119]: Loss at epoch 24 step 12: [0.03198887], acc: [1.]
[INFO: train.py:  119]: Loss at epoch 24 step 24: [0.03469952], acc: [0.984375]
[INFO: train.py:  119]: Loss at epoch 24 step 36: [0.01714237], acc: [1.]
[INFO: train.py:  119]: Loss at epoch 24 step 48: [0.01813993], acc: [1.]
[INFO: train.py:  119]: Loss at epoch 24 step 60: [0.0522625], acc: [1.]
[INFO: train.py:  119]: Loss at epoch 24 step 72: [0.05092136], acc: [0.984375]
[INFO: train.py:  119]: Loss at epoch 24 step 84: [0.02400209], acc: [1.]
[INFO: train.py:  119]: Loss at epoch 24 step 96: [0.10486159], acc: [0.953125]
[INFO: train.py:  119]: Loss at epoch 24 step 108: [0.05936999], acc: [0.984375]
[INFO: train.py:  119]: Loss at epoch 24 step 120: [0.07598761], acc: [0.984375]
[INFO: train.py:  119]: Loss at epoch 24 step 132: [0.11239941], acc: [0.984375]
[INFO: train.py:  119]: Loss at epoch 24 step 144: [0.14368948], acc: [0.9375]
[INFO: train.py:  119]: Loss at epoch 25 step 0: [0.07386638], acc: [0.984375]
[INFO: train.py:  119]: Loss at epoch 25 step 12: [0.06467087], acc: [0.984375]
[INFO: train.py:  119]: Loss at epoch 25 step 24: [0.06013472], acc: [1.]
[INFO: train.py:  119]: Loss at epoch 25 step 36: [0.04554974], acc: [1.]
[INFO: train.py:  119]: Loss at epoch 25 step 48: [0.03613939], acc: [0.984375]
[INFO: train.py:  119]: Loss at epoch 25 step 60: [0.02343844], acc: [1.]
[INFO: train.py:  119]: Loss at epoch 25 step 72: [0.05930378], acc: [1.]
[INFO: train.py:  119]: Loss at epoch 25 step 84: [0.03189167], acc: [0.984375]
[INFO: train.py:  119]: Loss at epoch 25 step 96: [0.02557785], acc: [1.]
[INFO: train.py:  119]: Loss at epoch 25 step 108: [0.04231068], acc: [1.]
[INFO: train.py:  119]: Loss at epoch 25 step 120: [0.05833966], acc: [0.984375]
[INFO: train.py:  119]: Loss at epoch 25 step 132: [0.06038568], acc: [0.984375]
[INFO: train.py:  119]: Loss at epoch 25 step 144: [0.01606149], acc: [1.]
[INFO: train.py:  119]: Loss at epoch 26 step 0: [0.03596912], acc: [1.]
[INFO: train.py:  119]: Loss at epoch 26 step 12: [0.12398455], acc: [0.96875]
[INFO: train.py:  119]: Loss at epoch 26 step 24: [0.01009746], acc: [1.]
[INFO: train.py:  119]: Loss at epoch 26 step 36: [0.06498827], acc: [0.984375]
[INFO: train.py:  119]: Loss at epoch 26 step 48: [0.01815913], acc: [1.]
[INFO: train.py:  119]: Loss at epoch 26 step 60: [0.03100191], acc: [0.984375]
[INFO: train.py:  119]: Loss at epoch 26 step 72: [0.03038638], acc: [1.]
[INFO: train.py:  119]: Loss at epoch 26 step 84: [0.06207973], acc: [0.984375]
[INFO: train.py:  119]: Loss at epoch 26 step 96: [0.05353945], acc: [0.984375]
[INFO: train.py:  119]: Loss at epoch 26 step 108: [0.02559943], acc: [0.984375]
[INFO: train.py:  119]: Loss at epoch 26 step 120: [0.03326371], acc: [0.984375]
[INFO: train.py:  119]: Loss at epoch 26 step 132: [0.0735067], acc: [0.96875]
[INFO: train.py:  119]: Loss at epoch 26 step 144: [0.06352422], acc: [0.984375]
[INFO: train.py:  119]: Loss at epoch 27 step 0: [0.04096693], acc: [1.]
[INFO: train.py:  119]: Loss at epoch 27 step 12: [0.04134082], acc: [1.]
[INFO: train.py:  119]: Loss at epoch 27 step 24: [0.03708979], acc: [0.984375]
[INFO: train.py:  119]: Loss at epoch 27 step 36: [0.04432627], acc: [0.984375]
[INFO: train.py:  119]: Loss at epoch 27 step 48: [0.01704144], acc: [1.]
[INFO: train.py:  119]: Loss at epoch 27 step 60: [0.05820725], acc: [0.984375]
[INFO: train.py:  119]: Loss at epoch 27 step 72: [0.0134847], acc: [1.]
[INFO: train.py:  119]: Loss at epoch 27 step 84: [0.0256593], acc: [0.984375]
[INFO: train.py:  119]: Loss at epoch 27 step 96: [0.02774268], acc: [1.]
[INFO: train.py:  119]: Loss at epoch 27 step 108: [0.08903482], acc: [0.984375]
[INFO: train.py:  119]: Loss at epoch 27 step 120: [0.01867808], acc: [1.]
[INFO: train.py:  119]: Loss at epoch 27 step 132: [0.05625074], acc: [0.984375]
[INFO: train.py:  119]: Loss at epoch 27 step 144: [0.04535157], acc: [1.]
[INFO: train.py:  119]: Loss at epoch 28 step 0: [0.01853942], acc: [1.]
[INFO: train.py:  119]: Loss at epoch 28 step 12: [0.05177148], acc: [1.]
[INFO: train.py:  119]: Loss at epoch 28 step 24: [0.06037938], acc: [0.984375]
[INFO: train.py:  119]: Loss at epoch 28 step 36: [0.02143999], acc: [1.]
[INFO: train.py:  119]: Loss at epoch 28 step 48: [0.01737234], acc: [1.]
[INFO: train.py:  119]: Loss at epoch 28 step 60: [0.02225753], acc: [1.]
[INFO: train.py:  119]: Loss at epoch 28 step 72: [0.02325612], acc: [1.]
[INFO: train.py:  119]: Loss at epoch 28 step 84: [0.06157194], acc: [0.96875]
[INFO: train.py:  119]: Loss at epoch 28 step 96: [0.07357164], acc: [0.984375]
[INFO: train.py:  119]: Loss at epoch 28 step 108: [0.09568638], acc: [0.984375]
[INFO: train.py:  119]: Loss at epoch 28 step 120: [0.02652951], acc: [1.]
[INFO: train.py:  119]: Loss at epoch 28 step 132: [0.04191494], acc: [1.]
[INFO: train.py:  119]: Loss at epoch 28 step 144: [0.02180932], acc: [1.]
[INFO: train.py:  119]: Loss at epoch 29 step 0: [0.0146846], acc: [1.]
[INFO: train.py:  119]: Loss at epoch 29 step 12: [0.01233242], acc: [1.]
[INFO: train.py:  119]: Loss at epoch 29 step 24: [0.02196808], acc: [1.]
[INFO: train.py:  119]: Loss at epoch 29 step 36: [0.02617442], acc: [1.]
[INFO: train.py:  119]: Loss at epoch 29 step 48: [0.01640628], acc: [1.]
[INFO: train.py:  119]: Loss at epoch 29 step 60: [0.06456419], acc: [0.984375]
[INFO: train.py:  119]: Loss at epoch 29 step 72: [0.01993908], acc: [1.]
[INFO: train.py:  119]: Loss at epoch 29 step 84: [0.05435857], acc: [0.984375]
[INFO: train.py:  119]: Loss at epoch 29 step 96: [0.01356348], acc: [1.]
[INFO: train.py:  119]: Loss at epoch 29 step 108: [0.02805275], acc: [1.]
[INFO: train.py:  119]: Loss at epoch 29 step 120: [0.01442439], acc: [1.]
[INFO: train.py:  119]: Loss at epoch 29 step 132: [0.00675201], acc: [1.]
[INFO: train.py:  119]: Loss at epoch 29 step 144: [0.0628389], acc: [0.984375]
[INFO: train.py:  119]: Loss at epoch 30 step 0: [0.0230991], acc: [1.]
[INFO: train.py:  119]: Loss at epoch 30 step 12: [0.02196022], acc: [1.]
[INFO: train.py:  119]: Loss at epoch 30 step 24: [0.04323066], acc: [0.984375]
[INFO: train.py:  119]: Loss at epoch 30 step 36: [0.03947566], acc: [0.984375]
[INFO: train.py:  119]: Loss at epoch 30 step 48: [0.05507033], acc: [0.984375]
[INFO: train.py:  119]: Loss at epoch 30 step 60: [0.02097051], acc: [1.]
[INFO: train.py:  119]: Loss at epoch 30 step 72: [0.06954969], acc: [0.96875]
[INFO: train.py:  119]: Loss at epoch 30 step 84: [0.05194077], acc: [0.984375]
[INFO: train.py:  119]: Loss at epoch 30 step 96: [0.3182054], acc: [0.90625]
[INFO: train.py:  119]: Loss at epoch 30 step 108: [0.05387548], acc: [0.984375]
[INFO: train.py:  119]: Loss at epoch 30 step 120: [0.03082899], acc: [0.984375]
[INFO: train.py:  119]: Loss at epoch 30 step 132: [0.02838017], acc: [1.]
[INFO: train.py:  119]: Loss at epoch 30 step 144: [0.0786593], acc: [0.984375]
[INFO: train.py:  119]: Loss at epoch 31 step 0: [0.01530119], acc: [1.]
[INFO: train.py:  119]: Loss at epoch 31 step 12: [0.03183078], acc: [1.]
[INFO: train.py:  119]: Loss at epoch 31 step 24: [0.05290516], acc: [0.984375]
[INFO: train.py:  119]: Loss at epoch 31 step 36: [0.02267444], acc: [1.]
[INFO: train.py:  119]: Loss at epoch 31 step 48: [0.04164417], acc: [0.984375]
[INFO: train.py:  119]: Loss at epoch 31 step 60: [0.03736061], acc: [0.984375]
[INFO: train.py:  119]: Loss at epoch 31 step 72: [0.04186511], acc: [0.984375]
[INFO: train.py:  119]: Loss at epoch 31 step 84: [0.0226022], acc: [1.]
[INFO: train.py:  119]: Loss at epoch 31 step 96: [0.03843619], acc: [0.984375]
[INFO: train.py:  119]: Loss at epoch 31 step 108: [0.03947717], acc: [0.984375]
[INFO: train.py:  119]: Loss at epoch 31 step 120: [0.03992875], acc: [0.984375]
[INFO: train.py:  119]: Loss at epoch 31 step 132: [0.02740411], acc: [1.]
[INFO: train.py:  119]: Loss at epoch 31 step 144: [0.0499729], acc: [0.984375]
[INFO: train.py:  119]: Loss at epoch 32 step 0: [0.00776515], acc: [1.]
[INFO: train.py:  119]: Loss at epoch 32 step 12: [0.03891348], acc: [1.]
[INFO: train.py:  119]: Loss at epoch 32 step 24: [0.10477659], acc: [0.984375]
[INFO: train.py:  119]: Loss at epoch 32 step 36: [0.01969251], acc: [1.]
[INFO: train.py:  119]: Loss at epoch 32 step 48: [0.02965295], acc: [1.]
[INFO: train.py:  119]: Loss at epoch 32 step 60: [0.01365479], acc: [1.]
[INFO: train.py:  119]: Loss at epoch 32 step 72: [0.03200981], acc: [0.984375]
[INFO: train.py:  119]: Loss at epoch 32 step 84: [0.02956506], acc: [1.]
[INFO: train.py:  119]: Loss at epoch 32 step 96: [0.02138363], acc: [1.]
[INFO: train.py:  119]: Loss at epoch 32 step 108: [0.0884956], acc: [0.984375]
[INFO: train.py:  119]: Loss at epoch 32 step 120: [0.03419771], acc: [1.]
[INFO: train.py:  119]: Loss at epoch 32 step 132: [0.04211798], acc: [0.984375]
[INFO: train.py:  119]: Loss at epoch 32 step 144: [0.02565004], acc: [1.]
[INFO: train.py:  119]: Loss at epoch 33 step 0: [0.04761265], acc: [0.984375]
[INFO: train.py:  119]: Loss at epoch 33 step 12: [0.02598224], acc: [1.]
[INFO: train.py:  119]: Loss at epoch 33 step 24: [0.05979962], acc: [0.984375]
[INFO: train.py:  119]: Loss at epoch 33 step 36: [0.02802056], acc: [1.]
[INFO: train.py:  119]: Loss at epoch 33 step 48: [0.04433171], acc: [0.984375]
[INFO: train.py:  119]: Loss at epoch 33 step 60: [0.02380951], acc: [1.]
[INFO: train.py:  119]: Loss at epoch 33 step 72: [0.03001182], acc: [1.]
[INFO: train.py:  119]: Loss at epoch 33 step 84: [0.01514533], acc: [1.]
[INFO: train.py:  119]: Loss at epoch 33 step 96: [0.07400075], acc: [0.984375]
[INFO: train.py:  119]: Loss at epoch 33 step 108: [0.13431], acc: [0.96875]
[INFO: train.py:  119]: Loss at epoch 33 step 120: [0.09481361], acc: [0.96875]
[INFO: train.py:  119]: Loss at epoch 33 step 132: [0.02092645], acc: [1.]
[INFO: train.py:  119]: Loss at epoch 33 step 144: [0.02946315], acc: [1.]
[INFO: train.py:  119]: Loss at epoch 34 step 0: [0.02682259], acc: [1.]
[INFO: train.py:  119]: Loss at epoch 34 step 12: [0.03863063], acc: [0.984375]
[INFO: train.py:  119]: Loss at epoch 34 step 24: [0.11434168], acc: [0.96875]
[INFO: train.py:  119]: Loss at epoch 34 step 36: [0.0478663], acc: [0.984375]
[INFO: train.py:  119]: Loss at epoch 34 step 48: [0.04993972], acc: [0.984375]
[INFO: train.py:  119]: Loss at epoch 34 step 60: [0.01280891], acc: [1.]
[INFO: train.py:  119]: Loss at epoch 34 step 72: [0.02723259], acc: [1.]
[INFO: train.py:  119]: Loss at epoch 34 step 84: [0.04503974], acc: [0.984375]
[INFO: train.py:  119]: Loss at epoch 34 step 96: [0.05953965], acc: [0.984375]
[INFO: train.py:  119]: Loss at epoch 34 step 108: [0.02233556], acc: [1.]
[INFO: train.py:  119]: Loss at epoch 34 step 120: [0.02156727], acc: [1.]
[INFO: train.py:  119]: Loss at epoch 34 step 132: [0.06009539], acc: [0.96875]
[INFO: train.py:  119]: Loss at epoch 34 step 144: [0.02646555], acc: [1.]
[INFO: train.py:  119]: Loss at epoch 35 step 0: [0.01192369], acc: [1.]
[INFO: train.py:  119]: Loss at epoch 35 step 12: [0.01927817], acc: [1.]
[INFO: train.py:  119]: Loss at epoch 35 step 24: [0.03226478], acc: [0.984375]
[INFO: train.py:  119]: Loss at epoch 35 step 36: [0.01435088], acc: [1.]
[INFO: train.py:  119]: Loss at epoch 35 step 48: [0.03618512], acc: [0.984375]
[INFO: train.py:  119]: Loss at epoch 35 step 60: [0.02448768], acc: [0.984375]
[INFO: train.py:  119]: Loss at epoch 35 step 72: [0.01529774], acc: [1.]
[INFO: train.py:  119]: Loss at epoch 35 step 84: [0.01098083], acc: [1.]
[INFO: train.py:  119]: Loss at epoch 35 step 96: [0.01899394], acc: [1.]
[INFO: train.py:  119]: Loss at epoch 35 step 108: [0.04528006], acc: [1.]
[INFO: train.py:  119]: Loss at epoch 35 step 120: [0.06730434], acc: [0.96875]
[INFO: train.py:  119]: Loss at epoch 35 step 132: [0.04443285], acc: [0.984375]
[INFO: train.py:  119]: Loss at epoch 35 step 144: [0.04580284], acc: [0.984375]
[INFO: train.py:  119]: Loss at epoch 36 step 0: [0.01955256], acc: [1.]
[INFO: train.py:  119]: Loss at epoch 36 step 12: [0.03178887], acc: [1.]
[INFO: train.py:  119]: Loss at epoch 36 step 24: [0.08350191], acc: [0.984375]
[INFO: train.py:  119]: Loss at epoch 36 step 36: [0.0360631], acc: [0.984375]
[INFO: train.py:  119]: Loss at epoch 36 step 48: [0.05383827], acc: [0.984375]
[INFO: train.py:  119]: Loss at epoch 36 step 60: [0.02050314], acc: [1.]
[INFO: train.py:  119]: Loss at epoch 36 step 72: [0.04018402], acc: [1.]
[INFO: train.py:  119]: Loss at epoch 36 step 84: [0.0231873], acc: [1.]
[INFO: train.py:  119]: Loss at epoch 36 step 96: [0.01665253], acc: [1.]
[INFO: train.py:  119]: Loss at epoch 36 step 108: [0.03808357], acc: [1.]
[INFO: train.py:  119]: Loss at epoch 36 step 120: [0.02877017], acc: [0.984375]
[INFO: train.py:  119]: Loss at epoch 36 step 132: [0.03208008], acc: [1.]
[INFO: train.py:  119]: Loss at epoch 36 step 144: [0.02449581], acc: [1.]
[INFO: train.py:  119]: Loss at epoch 37 step 0: [0.01770885], acc: [1.]
[INFO: train.py:  119]: Loss at epoch 37 step 12: [0.0464542], acc: [1.]
[INFO: train.py:  119]: Loss at epoch 37 step 24: [0.0226934], acc: [1.]
[INFO: train.py:  119]: Loss at epoch 37 step 36: [0.01329492], acc: [1.]
[INFO: train.py:  119]: Loss at epoch 37 step 48: [0.01974557], acc: [1.]
[INFO: train.py:  119]: Loss at epoch 37 step 60: [0.01571712], acc: [1.]
[INFO: train.py:  119]: Loss at epoch 37 step 72: [0.02419647], acc: [1.]
[INFO: train.py:  119]: Loss at epoch 37 step 84: [0.02948266], acc: [0.984375]
[INFO: train.py:  119]: Loss at epoch 37 step 96: [0.01232352], acc: [1.]
[INFO: train.py:  119]: Loss at epoch 37 step 108: [0.02366105], acc: [1.]
[INFO: train.py:  119]: Loss at epoch 37 step 120: [0.01187477], acc: [1.]
[INFO: train.py:  119]: Loss at epoch 37 step 132: [0.02855218], acc: [1.]
[INFO: train.py:  119]: Loss at epoch 37 step 144: [0.05969697], acc: [0.984375]
[INFO: train.py:  119]: Loss at epoch 38 step 0: [0.01876382], acc: [1.]
[INFO: train.py:  119]: Loss at epoch 38 step 12: [0.01727666], acc: [1.]
[INFO: train.py:  119]: Loss at epoch 38 step 24: [0.01147198], acc: [1.]
[INFO: train.py:  119]: Loss at epoch 38 step 36: [0.00777123], acc: [1.]
[INFO: train.py:  119]: Loss at epoch 38 step 48: [0.01662749], acc: [1.]
[INFO: train.py:  119]: Loss at epoch 38 step 60: [0.04357544], acc: [0.984375]
[INFO: train.py:  119]: Loss at epoch 38 step 72: [0.03622793], acc: [0.984375]
[INFO: train.py:  119]: Loss at epoch 38 step 84: [0.02586586], acc: [1.]
[INFO: train.py:  119]: Loss at epoch 38 step 96: [0.02165689], acc: [0.984375]
[INFO: train.py:  119]: Loss at epoch 38 step 108: [0.0362319], acc: [1.]
[INFO: train.py:  119]: Loss at epoch 38 step 120: [0.08535068], acc: [0.96875]
[INFO: train.py:  119]: Loss at epoch 38 step 132: [0.0680019], acc: [0.984375]
[INFO: train.py:  119]: Loss at epoch 38 step 144: [0.0185735], acc: [1.]
[INFO: train.py:  119]: Loss at epoch 39 step 0: [0.0207237], acc: [1.]
[INFO: train.py:  119]: Loss at epoch 39 step 12: [0.02422251], acc: [1.]
[INFO: train.py:  119]: Loss at epoch 39 step 24: [0.00987013], acc: [1.]
[INFO: train.py:  119]: Loss at epoch 39 step 36: [0.01326196], acc: [1.]
[INFO: train.py:  119]: Loss at epoch 39 step 48: [0.00862311], acc: [1.]
[INFO: train.py:  119]: Loss at epoch 39 step 60: [0.02392986], acc: [0.984375]
[INFO: train.py:  119]: Loss at epoch 39 step 72: [0.015987], acc: [1.]
[INFO: train.py:  119]: Loss at epoch 39 step 84: [0.14909726], acc: [0.96875]
[INFO: train.py:  119]: Loss at epoch 39 step 96: [0.01084465], acc: [1.]
[INFO: train.py:  119]: Loss at epoch 39 step 108: [0.03847893], acc: [0.984375]
[INFO: train.py:  119]: Loss at epoch 39 step 120: [0.05880758], acc: [0.96875]
[INFO: train.py:  119]: Loss at epoch 39 step 132: [0.01939185], acc: [1.]
[INFO: train.py:  119]: Loss at epoch 39 step 144: [0.01728617], acc: [1.]
[INFO: train.py:  119]: Loss at epoch 40 step 0: [0.02000599], acc: [1.]
[INFO: train.py:  119]: Loss at epoch 40 step 12: [0.02437929], acc: [1.]
[INFO: train.py:  119]: Loss at epoch 40 step 24: [0.01433492], acc: [1.]
[INFO: train.py:  119]: Loss at epoch 40 step 36: [0.01201964], acc: [1.]
[INFO: train.py:  119]: Loss at epoch 40 step 48: [0.02156859], acc: [1.]
[INFO: train.py:  119]: Loss at epoch 40 step 60: [0.01818635], acc: [1.]
[INFO: train.py:  119]: Loss at epoch 40 step 72: [0.03334533], acc: [0.984375]
[INFO: train.py:  119]: Loss at epoch 40 step 84: [0.01424423], acc: [1.]
[INFO: train.py:  119]: Loss at epoch 40 step 96: [0.01449857], acc: [1.]
[INFO: train.py:  119]: Loss at epoch 40 step 108: [0.0260902], acc: [1.]
[INFO: train.py:  119]: Loss at epoch 40 step 120: [0.03537105], acc: [1.]
[INFO: train.py:  119]: Loss at epoch 40 step 132: [0.04467135], acc: [0.984375]
[INFO: train.py:  119]: Loss at epoch 40 step 144: [0.00684468], acc: [1.]
[INFO: train.py:  119]: Loss at epoch 41 step 0: [0.00856959], acc: [1.]
[INFO: train.py:  119]: Loss at epoch 41 step 12: [0.01467489], acc: [1.]
[INFO: train.py:  119]: Loss at epoch 41 step 24: [0.00849675], acc: [1.]
[INFO: train.py:  119]: Loss at epoch 41 step 36: [0.023687], acc: [1.]
[INFO: train.py:  119]: Loss at epoch 41 step 48: [0.01757425], acc: [1.]
[INFO: train.py:  119]: Loss at epoch 41 step 60: [0.01322003], acc: [1.]
[INFO: train.py:  119]: Loss at epoch 41 step 72: [0.01735658], acc: [1.]
[INFO: train.py:  119]: Loss at epoch 41 step 84: [0.05094539], acc: [0.984375]
[INFO: train.py:  119]: Loss at epoch 41 step 96: [0.03160336], acc: [0.984375]
[INFO: train.py:  119]: Loss at epoch 41 step 108: [0.03046536], acc: [0.984375]
[INFO: train.py:  119]: Loss at epoch 41 step 120: [0.01673304], acc: [1.]
[INFO: train.py:  119]: Loss at epoch 41 step 132: [0.02226919], acc: [1.]
[INFO: train.py:  119]: Loss at epoch 41 step 144: [0.0173775], acc: [1.]
[INFO: train.py:  119]: Loss at epoch 42 step 0: [0.00823799], acc: [1.]
[INFO: train.py:  119]: Loss at epoch 42 step 12: [0.01163502], acc: [1.]
[INFO: train.py:  119]: Loss at epoch 42 step 24: [0.05233274], acc: [0.984375]
[INFO: train.py:  119]: Loss at epoch 42 step 36: [0.01162634], acc: [1.]
[INFO: train.py:  119]: Loss at epoch 42 step 48: [0.01652665], acc: [1.]
[INFO: train.py:  119]: Loss at epoch 42 step 60: [0.04055682], acc: [1.]
[INFO: train.py:  119]: Loss at epoch 42 step 72: [0.0074306], acc: [1.]
[INFO: train.py:  119]: Loss at epoch 42 step 84: [0.01786682], acc: [1.]
[INFO: train.py:  119]: Loss at epoch 42 step 96: [0.01471556], acc: [1.]
[INFO: train.py:  119]: Loss at epoch 42 step 108: [0.0290984], acc: [1.]
[INFO: train.py:  119]: Loss at epoch 42 step 120: [0.00511887], acc: [1.]
[INFO: train.py:  119]: Loss at epoch 42 step 132: [0.11858401], acc: [0.984375]
[INFO: train.py:  119]: Loss at epoch 42 step 144: [0.04532209], acc: [0.984375]
[INFO: train.py:  119]: Loss at epoch 43 step 0: [0.02332157], acc: [0.984375]
[INFO: train.py:  119]: Loss at epoch 43 step 12: [0.02192533], acc: [1.]
[INFO: train.py:  119]: Loss at epoch 43 step 24: [0.0114843], acc: [1.]
[INFO: train.py:  119]: Loss at epoch 43 step 36: [0.02926657], acc: [0.984375]
[INFO: train.py:  119]: Loss at epoch 43 step 48: [0.0190172], acc: [1.]
[INFO: train.py:  119]: Loss at epoch 43 step 60: [0.01611589], acc: [1.]
[INFO: train.py:  119]: Loss at epoch 43 step 72: [0.01435156], acc: [1.]
[INFO: train.py:  119]: Loss at epoch 43 step 84: [0.01970273], acc: [1.]
[INFO: train.py:  119]: Loss at epoch 43 step 96: [0.04218911], acc: [0.984375]
[INFO: train.py:  119]: Loss at epoch 43 step 108: [0.01168987], acc: [1.]
